INFO: [VRFC 10-163] Analyzing VHDL file "C:/Users/Waylon/Desktop/Code/VGA_Basys3/VGA_Basys3.srcs/sources_1/ip/clk_wiz_0/proc_common_v3_00_a/hdl/src/vhdl/clk_wiz_0_conv_funs_pkg.vhd" into library xil_defaultlib
INFO: [VRFC 10-163] Analyzing VHDL file "C:/Users/Waylon/Desktop/Code/VGA_Basys3/VGA_Basys3.srcs/sources_1/ip/clk_wiz_0/proc_common_v3_00_a/hdl/src/vhdl/clk_wiz_0_proc_common_pkg.vhd" into library xil_defaultlib
INFO: [VRFC 10-163] Analyzing VHDL file "C:/Users/Waylon/Desktop/Code/VGA_Basys3/VGA_Basys3.srcs/sources_1/ip/clk_wiz_0/proc_common_v3_00_a/hdl/src/vhdl/clk_wiz_0_ipif_pkg.vhd" into library xil_defaultlib
INFO: [VRFC 10-163] Analyzing VHDL file "C:/Users/Waylon/Desktop/Code/VGA_Basys3/VGA_Basys3.srcs/sources_1/ip/clk_wiz_0/clk_wiz_0_clk_mon.vhd" into library xil_defaultlib
INFO: [VRFC 10-3107] analyzing entity 'clk_wiz_0_clk_mon'
INFO: [VRFC 10-163] Analyzing VHDL file "C:/Users/Waylon/Desktop/Code/VGA_Basys3/VGA_Basys3.srcs/sources_1/ip/clk_wiz_0/proc_common_v3_00_a/hdl/src/vhdl/clk_wiz_0_family_support.vhd" into library xil_defaultlib
INFO: [VRFC 10-163] Analyzing VHDL file "C:/Users/Waylon/Desktop/Code/VGA_Basys3/VGA_Basys3.srcs/sources_1/ip/clk_wiz_0/proc_common_v3_00_a/hdl/src/vhdl/clk_wiz_0_family.vhd" into library xil_defaultlib
INFO: [VRFC 10-163] Analyzing VHDL file "C:/Users/Waylon/Desktop/Code/VGA_Basys3/VGA_Basys3.srcs/sources_1/ip/clk_wiz_0/proc_common_v3_00_a/hdl/src/vhdl/clk_wiz_0_soft_reset.vhd" into library xil_defaultlib
INFO: [VRFC 10-3107] analyzing entity 'clk_wiz_0_soft_reset'
INFO: [VRFC 10-163] Analyzing VHDL file "C:/Users/Waylon/Desktop/Code/VGA_Basys3/VGA_Basys3.srcs/sources_1/ip/clk_wiz_0/proc_common_v3_00_a/hdl/src/vhdl/clk_wiz_0_pselect_f.vhd" into library xil_defaultlib
INFO: [VRFC 10-3107] analyzing entity 'clk_wiz_0_pselect_f'
INFO: [VRFC 10-163] Analyzing VHDL file "C:/Users/Waylon/Desktop/Code/VGA_Basys3/VGA_Basys3.srcs/sources_1/ip/clk_wiz_0/axi_lite_ipif_v1_01_a/hdl/src/vhdl/clk_wiz_0_address_decoder.vhd" into library xil_defaultlib
INFO: [VRFC 10-3107] analyzing entity 'clk_wiz_0_address_decoder'
INFO: [VRFC 10-163] Analyzing VHDL file "C:/Users/Waylon/Desktop/Code/VGA_Basys3/VGA_Basys3.srcs/sources_1/ip/clk_wiz_0/axi_lite_ipif_v1_01_a/hdl/src/vhdl/clk_wiz_0_slave_attachment.vhd" into library xil_defaultlib
INFO: [VRFC 10-3107] analyzing entity 'clk_wiz_0_slave_attachment'
INFO: [VRFC 10-163] Analyzing VHDL file "C:/Users/Waylon/Desktop/Code/VGA_Basys3/VGA_Basys3.srcs/sources_1/ip/clk_wiz_0/axi_lite_ipif_v1_01_a/hdl/src/vhdl/clk_wiz_0_axi_lite_ipif.vhd" into library xil_defaultlib
INFO: [VRFC 10-3107] analyzing entity 'clk_wiz_0_axi_lite_ipif'
INFO: [VRFC 10-163] Analyzing VHDL file "C:/Users/Waylon/Desktop/Code/VGA_Basys3/VGA_Basys3.srcs/sources_1/ip/clk_wiz_0/clk_wiz_0_clk_wiz_drp.vhd" into library xil_defaultlib
INFO: [VRFC 10-3107] analyzing entity 'clk_wiz_0_clk_wiz_drp'
INFO: [VRFC 10-163] Analyzing VHDL file "C:/Users/Waylon/Desktop/Code/VGA_Basys3/VGA_Basys3.srcs/sources_1/ip/clk_wiz_0/clk_wiz_0_axi_clk_config.vhd" into library xil_defaultlib
INFO: [VRFC 10-3107] analyzing entity 'clk_wiz_0_axi_clk_config'
